<?xml version="1.0" encoding="UTF-8"?>
<testsuite xmlns:xsi="http://www.w3.org/2001/XMLSchema-instance" xsi:noNamespaceSchemaLocation="https://maven.apache.org/surefire/maven-surefire-plugin/xsd/surefire-test-report.xsd" version="3.0.2" name="com.example.SpringbootMybatisCrudApplicationTests" time="1.699" tests="2" errors="1" skipped="0" failures="0">
  <properties>
[...]
</properties>
  <testcase name="testDelete" classname="com.example.SpringbootMybatisCrudApplicationTests" time="0.728">
    <system-out><![CDATA[03:03:08.308 [main] INFO org.springframework.test.context.support.AnnotationConfigContextLoaderUtils -- Could not detect default configuration classes for test class [com.example.SpringbootMybatisCrudApplicationTests]: SpringbootMybatisCrudApplicationTests does not declare any static, non-private, non-final, nested classes annotated with @Configuration.
03:03:08.366 [main] INFO org.springframework.boot.test.context.SpringBootTestContextBootstrapper -- Found @SpringBootConfiguration com.example.SpringbootMybatisCrudApplication for test class com.example.SpringbootMybatisCrudApplicationTests

  .   ____          _            __ _ _
 /\\ / ___'_ __ _ _(_)_ __  __ _ \ \ \ \
( ( )\___ | '_ | '_| | '_ \/ _` | \ \ \ \
 \\/  ___)| |_)| | | | | || (_| |  ) ) ) )
  '  |____| .__|_| |_|_| |_\__, | / / / /
 =========|_|==============|___/=/_/_/_/

 :: Spring Boot ::                (v3.4.3)

2025-02-26T03:03:08.583+08:00  INFO 33080 --- [springboot-mybatis-quickstart] [           main] .e.SpringbootMybatisCrudApplicationTests : Starting SpringbootMybatisCrudApplicationTests using Java 21.0.2 with PID 33080 (started by PROPHRT in D:\workspace\projects\itheima_web_project\springboot-mybatis-crud)
2025-02-26T03:03:08.584+08:00  INFO 33080 --- [springboot-mybatis-quickstart] [           main] .e.SpringbootMybatisCrudApplicationTests : No active profile set, falling back to 1 default profile: "default"
Logging initialized using 'class org.apache.ibatis.logging.stdout.StdOutImpl' adapter.
2025-02-26T03:03:09.178+08:00  INFO 33080 --- [springboot-mybatis-quickstart] [           main] .e.SpringbootMybatisCrudApplicationTests : Started SpringbootMybatisCrudApplicationTests in 0.733 seconds (process running for 1.344)
Creating a new SqlSession
SqlSession [org.apache.ibatis.session.defaults.DefaultSqlSession@61359e87] was not registered for synchronization because synchronization is not active
2025-02-26T03:03:09.642+08:00  INFO 33080 --- [springboot-mybatis-quickstart] [           main] com.zaxxer.hikari.HikariDataSource       : HikariPool-1 - Starting...
2025-02-26T03:03:09.881+08:00  INFO 33080 --- [springboot-mybatis-quickstart] [           main] com.zaxxer.hikari.pool.HikariPool        : HikariPool-1 - Added connection com.mysql.cj.jdbc.ConnectionImpl@76596288
2025-02-26T03:03:09.884+08:00  INFO 33080 --- [springboot-mybatis-quickstart] [           main] com.zaxxer.hikari.HikariDataSource       : HikariPool-1 - Start completed.
JDBC Connection [HikariProxyConnection@1035062904 wrapping com.mysql.cj.jdbc.ConnectionImpl@76596288] will not be managed by Spring
==>  Preparing: delete from emp where id = ?
==> Parameters: 18(Integer)
<==    Updates: 0
Closing non transactional SqlSession [org.apache.ibatis.session.defaults.DefaultSqlSession@61359e87]
0
]]></system-out>
    <system-err><![CDATA[Mockito is currently self-attaching to enable the inline-mock-maker. This will no longer work in future releases of the JDK. Please add Mockito as an agent to your build what is described in Mockito's documentation: https://javadoc.io/doc/org.mockito/mockito-core/latest/org/mockito/Mockito.html#0.3
WARNING: A Java agent has been loaded dynamically (D:\software\maven\apache-maven-3.9.6-bin\apache-maven-3.9.6\maven_repo\net\bytebuddy\byte-buddy-agent\1.15.11\byte-buddy-agent-1.15.11.jar)
WARNING: If a serviceability tool is in use, please run with -XX:+EnableDynamicAgentLoading to hide this warning
WARNING: If a serviceability tool is not in use, please run with -Djdk.instrument.traceUsage for more information
WARNING: Dynamic loading of agents will be disallowed by default in a future release
]]></system-err>
  </testcase>
  <testcase name="testInsert" classname="com.example.SpringbootMybatisCrudApplicationTests" time="0.007">
    <error message="&#10;### Error updating database.  Cause: org.apache.ibatis.reflection.ReflectionException: There is no getter for property named &apos;entryData&apos; in &apos;class com.example.pojo.Emp&apos;&#10;### The error may exist in com/example/mapper/EmpMapper.java (best guess)&#10;### The error may involve com.example.mapper.EmpMapper.insert-Inline&#10;### The error occurred while setting parameters&#10;### SQL: insert into emp(username, name, gender, image, job, entryDate, dept_id, create_time, update_time)values (?, ?, ?, ?, ?, ?, ?, ?, ?)&#10;### Cause: org.apache.ibatis.reflection.ReflectionException: There is no getter for property named &apos;entryData&apos; in &apos;class com.example.pojo.Emp&apos;" type="org.mybatis.spring.MyBatisSystemException"><![CDATA[org.mybatis.spring.MyBatisSystemException: 

### Error updating database.  Cause: org.apache.ibatis.reflection.ReflectionException: There is no getter for property named 'entryData' in 'class com.example.pojo.Emp'
### The error may exist in com/example/mapper/EmpMapper.java (best guess)
### The error may involve com.example.mapper.EmpMapper.insert-Inline
### The error occurred while setting parameters
### SQL: insert into emp(username, name, gender, image, job, entryDate, dept_id, create_time, update_time)values (?, ?, ?, ?, ?, ?, ?, ?, ?)
### Cause: org.apache.ibatis.reflection.ReflectionException: There is no getter for property named 'entryData' in 'class com.example.pojo.Emp'
	at org.mybatis.spring.MyBatisExceptionTranslator.translateExceptionIfPossible(MyBatisExceptionTranslator.java:99)
	at org.mybatis.spring.SqlSessionTemplate$SqlSessionInterceptor.invoke(SqlSessionTemplate.java:347)
	at jdk.proxy2/jdk.proxy2.$Proxy51.insert(Unknown Source)
	at org.mybatis.spring.SqlSessionTemplate.insert(SqlSessionTemplate.java:224)
	at org.apache.ibatis.binding.MapperMethod.execute(MapperMethod.java:62)
	at org.apache.ibatis.binding.MapperProxy$PlainMethodInvoker.invoke(MapperProxy.java:141)
	at org.apache.ibatis.binding.MapperProxy.invoke(MapperProxy.java:86)
	at jdk.proxy2/jdk.proxy2.$Proxy57.insert(Unknown Source)
	at com.example.SpringbootMybatisCrudApplicationTests.testInsert(SpringbootMybatisCrudApplicationTests.java:34)
	at java.base/java.lang.reflect.Method.invoke(Method.java:580)
	at java.base/java.util.ArrayList.forEach(ArrayList.java:1596)
	at java.base/java.util.ArrayList.forEach(ArrayList.java:1596)
Caused by: org.apache.ibatis.reflection.ReflectionException: There is no getter for property named 'entryData' in 'class com.example.pojo.Emp'
	at org.apache.ibatis.reflection.Reflector.getGetInvoker(Reflector.java:385)
	at org.apache.ibatis.reflection.MetaClass.getGetInvoker(MetaClass.java:160)
	at org.apache.ibatis.reflection.wrapper.BeanWrapper.getBeanProperty(BeanWrapper.java:156)
	at org.apache.ibatis.reflection.wrapper.BeanWrapper.get(BeanWrapper.java:50)
	at org.apache.ibatis.reflection.MetaObject.getValue(MetaObject.java:115)
	at org.apache.ibatis.scripting.defaults.DefaultParameterHandler.setParameters(DefaultParameterHandler.java:82)
	at org.apache.ibatis.executor.statement.PreparedStatementHandler.parameterize(PreparedStatementHandler.java:97)
	at org.apache.ibatis.executor.statement.RoutingStatementHandler.parameterize(RoutingStatementHandler.java:65)
	at org.apache.ibatis.executor.SimpleExecutor.prepareStatement(SimpleExecutor.java:91)
	at org.apache.ibatis.executor.SimpleExecutor.doUpdate(SimpleExecutor.java:49)
	at org.apache.ibatis.executor.BaseExecutor.update(BaseExecutor.java:117)
	at org.apache.ibatis.executor.CachingExecutor.update(CachingExecutor.java:76)
	at org.apache.ibatis.session.defaults.DefaultSqlSession.update(DefaultSqlSession.java:197)
	at org.apache.ibatis.session.defaults.DefaultSqlSession.insert(DefaultSqlSession.java:184)
	at java.base/jdk.internal.reflect.DirectMethodHandleAccessor.invoke(DirectMethodHandleAccessor.java:103)
	at java.base/java.lang.reflect.Method.invoke(Method.java:580)
	at org.mybatis.spring.SqlSessionTemplate$SqlSessionInterceptor.invoke(SqlSessionTemplate.java:333)
	... 10 more
]]></error>
    <system-out><![CDATA[Creating a new SqlSession
SqlSession [org.apache.ibatis.session.defaults.DefaultSqlSession@6d8b7ea9] was not registered for synchronization because synchronization is not active
JDBC Connection [HikariProxyConnection@1513743700 wrapping com.mysql.cj.jdbc.ConnectionImpl@76596288] will not be managed by Spring
==>  Preparing: insert into emp(username, name, gender, image, job, entryDate, dept_id, create_time, update_time)values (?, ?, ?, ?, ?, ?, ?, ?, ?)
Closing non transactional SqlSession [org.apache.ibatis.session.defaults.DefaultSqlSession@6d8b7ea9]
]]></system-out>
  </testcase>
</testsuite>